Using pre-set license

 COMMAND LINE ARGUMENTS:
/Users/phoenixdai/UnityProject/2020.3.13f1/Unity.app/Contents/MacOS/Unity
-adb2
-batchMode
-noUpm
-name
AssetImportWorker0
-projectPath
/Users/phoenixdai/UnityProject/MySunnyLand
-logFile
Logs/AssetImportWorker0.log
-srvPort
56481
Successfully changed project path to: /Users/phoenixdai/UnityProject/MySunnyLand
/Users/phoenixdai/UnityProject/MySunnyLand
Using Asset Import Pipeline V2.
Refreshing native plugins compatible for Editor in 47.98 ms, found 3 plugins.
Preloading 0 native plugins for Editor in 0.00 ms.
Initialize engine version: 2020.3.13f1 (71691879b7f5)
[Subsystems] Discovering subsystems at path /Users/phoenixdai/UnityProject/2020.3.13f1/Unity.app/Contents/Resources/UnitySubsystems
[Subsystems] Discovering subsystems at path /Users/phoenixdai/UnityProject/MySunnyLand/Assets
GfxDevice: creating device client; threaded=0
2021-07-27 20:09:48.837 Unity[97271:2630305] Color LCD preferred device: AMD Radeon Pro 5300M (high power)
2021-07-27 20:09:48.837 Unity[97271:2630305] Metal devices available: 2
2021-07-27 20:09:48.837 Unity[97271:2630305] 0: AMD Radeon Pro 5300M (high power)
2021-07-27 20:09:48.837 Unity[97271:2630305] 1: Intel(R) UHD Graphics 630 (low power)
2021-07-27 20:09:48.838 Unity[97271:2630305] Using device AMD Radeon Pro 5300M (high power)
Initializing Metal device caps: AMD Radeon Pro 5300M
Initialize mono
Mono path[0] = '/Users/phoenixdai/UnityProject/2020.3.13f1/Unity.app/Contents/Managed'
Mono path[1] = '/Users/phoenixdai/UnityProject/2020.3.13f1/Unity.app/Contents/MonoBleedingEdge/lib/mono/unityjit'
Mono config path = '/Users/phoenixdai/UnityProject/2020.3.13f1/Unity.app/Contents/MonoBleedingEdge/etc'
Using monoOptions --debugger-agent=transport=dt_socket,embedding=1,server=y,suspend=n,address=127.0.0.1:56271
Begin MonoManager ReloadAssembly
Registering precompiled unity dll's ...
Register platform support module: /Users/phoenixdai/UnityProject/2020.3.13f1/Unity.app/Contents/PlaybackEngines/MacStandaloneSupport/UnityEditor.OSXStandalone.Extensions.dll
Register platform support module: /Users/phoenixdai/UnityProject/2020.3.13f1/PlaybackEngines/WindowsStandaloneSupport/UnityEditor.WindowsStandalone.Extensions.dll
Registered in 0.000633 seconds.
Native extension for WindowsStandalone target not found
Native extension for OSXStandalone target not found
Refreshing native plugins compatible for Editor in 38.24 ms, found 3 plugins.
Preloading 0 native plugins for Editor in 0.00 ms.
Mono: successfully reloaded assembly
- Completed reload, in  1.359 seconds
Platform modules already initialized, skipping
Registering precompiled user dll's ...
Registered in 0.001812 seconds.
Begin MonoManager ReloadAssembly
Native extension for WindowsStandalone target not found
Native extension for OSXStandalone target not found
Refreshing native plugins compatible for Editor in 39.46 ms, found 3 plugins.
Preloading 0 native plugins for Editor in 0.00 ms.
Mono: successfully reloaded assembly
- Completed reload, in  1.273 seconds
Platform modules already initialized, skipping
========================================================================
Worker process is ready to serve import requests
Launching external process: /Users/phoenixdai/UnityProject/2020.3.13f1/Unity.app/Contents/Tools/UnityShaderCompiler
Launched and connected shader compiler UnityShaderCompiler after 0.01 seconds
Refreshing native plugins compatible for Editor in 0.46 ms, found 3 plugins.
Preloading 0 native plugins for Editor in 0.00 ms.
Unloading 2236 Unused Serialized files (Serialized files now loaded: 0)
System memory in use before: 175.5 MB.
System memory in use after: 175.5 MB.

Unloading 34 unused Assets to reduce memory usage. Loaded Objects now: 2670.
Total: 2.487984 ms (FindLiveObjects: 0.207555 ms CreateObjectMapping: 0.084896 ms MarkObjects: 2.059327 ms  DeleteObjects: 0.135266 ms)

AssetImportParameters requested are different than current active one (requested -> active):
  custom:video-decoder-ogg-theora: a1e56fd34408186e4bbccfd4996cb3dc -> 
  custom:container-muxer-webm: aa71ff27fc2769a1b78a27578f13a17b -> 
  custom:container-demuxer-webm: 4f35f7cbe854078d1ac9338744f61a02 -> 
  custom:container-demuxer-ogg: 62fdf1f143b41e24485cea50d1cbac27 -> 
  custom:video-encoder-webm-vp8: eb34c28f22e8b96e1ab97ce403110664 -> 
  custom:framework-osx-AVFoundation: e770b220cccbd017edd2c1fefb359320 -> 
  custom:video-decoder-webm-vp8: 9c59270c3fd7afecdb556c50c9e8de78 -> 
  custom:audio-decoder-ogg-vorbis: bf7c407c2cedff20999df2af8eb42d56 -> 
  custom:audio-encoder-webm-vorbis: bf7c407c2cedff20999df2af8eb42d56 -> 
========================================================================
Received Import Request.
  path: Assets/Sunnyland/artwork/Environment/map/tileset_110.asset
  artifactKey: Guid(5a86a29297e09433880f2b570a64448a) Importer(815301076,1909f56bfc062723c751e8b465ee728b)
Start importing Assets/Sunnyland/artwork/Environment/map/tileset_110.asset using Guid(5a86a29297e09433880f2b570a64448a) Importer(815301076,1909f56bfc062723c751e8b465ee728b)  -> (artifact id: '1a68724427aaceeaf87adf9e50c2574e') in 1.387095 seconds 
  Import took 1.390967 seconds .

========================================================================
Received Import Request.
  Time since last request: 0.000223 seconds.
  path: Assets/Sunnyland/artwork/Environment/map/tileset_122.asset
  artifactKey: Guid(020387c3730e1465391a4c5e4edc50f8) Importer(815301076,1909f56bfc062723c751e8b465ee728b)
Start importing Assets/Sunnyland/artwork/Environment/map/tileset_122.asset using Guid(020387c3730e1465391a4c5e4edc50f8) Importer(815301076,1909f56bfc062723c751e8b465ee728b)  -> (artifact id: 'a3454fc0bd1532dfacdd9cdfb17c215f') in 0.009606 seconds 
  Import took 0.012937 seconds .

========================================================================
Received Import Request.
  Time since last request: 0.000213 seconds.
  path: Assets/Sunnyland/artwork/Environment/map/tileset_73.asset
  artifactKey: Guid(70de3fc590a4149c08203df880eeb3b6) Importer(815301076,1909f56bfc062723c751e8b465ee728b)
Start importing Assets/Sunnyland/artwork/Environment/map/tileset_73.asset using Guid(70de3fc590a4149c08203df880eeb3b6) Importer(815301076,1909f56bfc062723c751e8b465ee728b)  -> (artifact id: '88b5886a6b1d8f9723f6195d8e5e386d') in 0.007780 seconds 
  Import took 0.013404 seconds .

========================================================================
Received Import Request.
  Time since last request: 0.000289 seconds.
  path: Assets/Sunnyland/artwork/Environment/map/tileset_77.asset
  artifactKey: Guid(b1597e86cd4164eb7b8c6e188212bb70) Importer(815301076,1909f56bfc062723c751e8b465ee728b)
Start importing Assets/Sunnyland/artwork/Environment/map/tileset_77.asset using Guid(b1597e86cd4164eb7b8c6e188212bb70) Importer(815301076,1909f56bfc062723c751e8b465ee728b)  -> (artifact id: 'ee2fd19a733c98e6ceb9ed653b8b990d') in 0.007713 seconds 
  Import took 0.011479 seconds .

========================================================================
Received Import Request.
  Time since last request: 0.000221 seconds.
  path: Assets/Sunnyland/artwork/Environment/map/tileset_118.asset
  artifactKey: Guid(731893af29f3b40ceaab930b220bca2f) Importer(815301076,1909f56bfc062723c751e8b465ee728b)
Start importing Assets/Sunnyland/artwork/Environment/map/tileset_118.asset using Guid(731893af29f3b40ceaab930b220bca2f) Importer(815301076,1909f56bfc062723c751e8b465ee728b)  -> (artifact id: '9008a637e412c2f3f2f130865f0f8a6b') in 0.007833 seconds 
  Import took 0.012564 seconds .

========================================================================
Received Import Request.
  Time since last request: 0.000223 seconds.
  path: Assets/Sunnyland/artwork/Environment/map/tileset_69.asset
  artifactKey: Guid(dfd353c9654974e6d80e3148862ac710) Importer(815301076,1909f56bfc062723c751e8b465ee728b)
Start importing Assets/Sunnyland/artwork/Environment/map/tileset_69.asset using Guid(dfd353c9654974e6d80e3148862ac710) Importer(815301076,1909f56bfc062723c751e8b465ee728b)  -> (artifact id: 'a047294fee13ccb4a75e1d6c87471bf6') in 0.010266 seconds 
  Import took 0.014340 seconds .

========================================================================
Received Import Request.
  Time since last request: 0.000236 seconds.
  path: Assets/Sunnyland/artwork/Environment/map/tileset_105.asset
  artifactKey: Guid(fc764f2c08ec84c8b822caf29b3d23ad) Importer(815301076,1909f56bfc062723c751e8b465ee728b)
Start importing Assets/Sunnyland/artwork/Environment/map/tileset_105.asset using Guid(fc764f2c08ec84c8b822caf29b3d23ad) Importer(815301076,1909f56bfc062723c751e8b465ee728b)  -> (artifact id: 'bebe35246c5965018ebf61165c3d4217') in 0.008090 seconds 
  Import took 0.011911 seconds .

========================================================================
Received Import Request.
  Time since last request: 0.000178 seconds.
  path: Assets/Sunnyland/artwork/Environment/map/tileset_116.asset
  artifactKey: Guid(b22bab77780d54da0be3dbe0c53c81ba) Importer(815301076,1909f56bfc062723c751e8b465ee728b)
Start importing Assets/Sunnyland/artwork/Environment/map/tileset_116.asset using Guid(b22bab77780d54da0be3dbe0c53c81ba) Importer(815301076,1909f56bfc062723c751e8b465ee728b)  -> (artifact id: '757613c35e3c0fe334b9a3816d9b1a38') in 0.008049 seconds 
  Import took 0.012019 seconds .

========================================================================
Received Import Request.
  Time since last request: 0.000201 seconds.
  path: Assets/Sunnyland/artwork/Environment/map/tileset_120.asset
  artifactKey: Guid(699a759bf71e4427d87728004a1c4928) Importer(815301076,1909f56bfc062723c751e8b465ee728b)
Start importing Assets/Sunnyland/artwork/Environment/map/tileset_120.asset using Guid(699a759bf71e4427d87728004a1c4928) Importer(815301076,1909f56bfc062723c751e8b465ee728b)  -> (artifact id: '9de91e5a5e39c02d5e5558bb0d594fc3') in 0.011407 seconds 
  Import took 0.015055 seconds .

========================================================================
Received Import Request.
  Time since last request: 0.000198 seconds.
  path: Assets/Sunnyland/artwork/Environment/map/tileset_111.asset
  artifactKey: Guid(270a81c567f1f443e8591ac00154ca85) Importer(815301076,1909f56bfc062723c751e8b465ee728b)
Start importing Assets/Sunnyland/artwork/Environment/map/tileset_111.asset using Guid(270a81c567f1f443e8591ac00154ca85) Importer(815301076,1909f56bfc062723c751e8b465ee728b)  -> (artifact id: '3a28efd7c1981709197feb61f856a091') in 0.010433 seconds 
  Import took 0.014579 seconds .

========================================================================
Received Import Request.
  Time since last request: 0.000197 seconds.
  path: Assets/Sunnyland/artwork/Environment/map/tileset_90.asset
  artifactKey: Guid(39a6f47c5e2e24de1bee2673e4e163a2) Importer(815301076,1909f56bfc062723c751e8b465ee728b)
Start importing Assets/Sunnyland/artwork/Environment/map/tileset_90.asset using Guid(39a6f47c5e2e24de1bee2673e4e163a2) Importer(815301076,1909f56bfc062723c751e8b465ee728b)  -> (artifact id: '6dca37e82057f0d37409a7693d773b96') in 0.011781 seconds 
  Import took 0.015405 seconds .

========================================================================
Received Import Request.
  Time since last request: 0.000207 seconds.
  path: Assets/Sunnyland/artwork/Environment/map/tileset_125.asset
  artifactKey: Guid(db5c402232b834f6c91fb2ba8e36c423) Importer(815301076,1909f56bfc062723c751e8b465ee728b)
Start importing Assets/Sunnyland/artwork/Environment/map/tileset_125.asset using Guid(db5c402232b834f6c91fb2ba8e36c423) Importer(815301076,1909f56bfc062723c751e8b465ee728b)  -> (artifact id: 'cc2af05c750b533289aeb922f1f70d4e') in 0.007714 seconds 
  Import took 0.011251 seconds .

========================================================================
Received Import Request.
  Time since last request: 0.000214 seconds.
  path: Assets/Sunnyland/artwork/Environment/map/tileset_102.asset
  artifactKey: Guid(fb97c9d06f2c74fad84d7229b8999c04) Importer(815301076,1909f56bfc062723c751e8b465ee728b)
Start importing Assets/Sunnyland/artwork/Environment/map/tileset_102.asset using Guid(fb97c9d06f2c74fad84d7229b8999c04) Importer(815301076,1909f56bfc062723c751e8b465ee728b)  -> (artifact id: '1b6cb3b4194e1b23169b3da1cbd2006c') in 0.007953 seconds 
  Import took 0.011445 seconds .

========================================================================
Received Import Request.
  Time since last request: 0.000227 seconds.
  path: Assets/Sunnyland/artwork/Environment/map/tileset_63.asset
  artifactKey: Guid(8e6a06aa8d73b49a3b1200d918e6eef4) Importer(815301076,1909f56bfc062723c751e8b465ee728b)
Start importing Assets/Sunnyland/artwork/Environment/map/tileset_63.asset using Guid(8e6a06aa8d73b49a3b1200d918e6eef4) Importer(815301076,1909f56bfc062723c751e8b465ee728b)  -> (artifact id: '182e30f4e9705db7d4f565184c20950b') in 0.008313 seconds 
  Import took 0.012306 seconds .

========================================================================
Received Import Request.
  Time since last request: 0.000234 seconds.
  path: Assets/Sunnyland/artwork/Environment/map/tileset_92.asset
  artifactKey: Guid(14543d9d12d624d3bab4d525bcd6953d) Importer(815301076,1909f56bfc062723c751e8b465ee728b)
Start importing Assets/Sunnyland/artwork/Environment/map/tileset_92.asset using Guid(14543d9d12d624d3bab4d525bcd6953d) Importer(815301076,1909f56bfc062723c751e8b465ee728b)  -> (artifact id: '656baf500162f60f988d97322d8f21a7') in 0.009724 seconds 
  Import took 0.013337 seconds .

========================================================================
Received Import Request.
  Time since last request: 0.000188 seconds.
  path: Assets/Sunnyland/artwork/Environment/map/tileset_64.asset
  artifactKey: Guid(0a3ed1e35ab72412792abfad9c8d2040) Importer(815301076,1909f56bfc062723c751e8b465ee728b)
Start importing Assets/Sunnyland/artwork/Environment/map/tileset_64.asset using Guid(0a3ed1e35ab72412792abfad9c8d2040) Importer(815301076,1909f56bfc062723c751e8b465ee728b)  -> (artifact id: 'fd798d1ddd591fed8ddb76f9b6c56339') in 0.008578 seconds 
  Import took 0.012068 seconds .

========================================================================
Received Import Request.
  Time since last request: 0.000190 seconds.
  path: Assets/Sunnyland/artwork/Environment/map/tileset_71.asset
  artifactKey: Guid(d3940a7960d404410b9dee34e4a8b08b) Importer(815301076,1909f56bfc062723c751e8b465ee728b)
Start importing Assets/Sunnyland/artwork/Environment/map/tileset_71.asset using Guid(d3940a7960d404410b9dee34e4a8b08b) Importer(815301076,1909f56bfc062723c751e8b465ee728b)  -> (artifact id: 'ab2528894c3378c14b8a48f22b5ca76f') in 0.008777 seconds 
  Import took 0.012170 seconds .

========================================================================
Received Import Request.
  Time since last request: 0.000205 seconds.
  path: Assets/Sunnyland/artwork/Environment/map/tileset_112.asset
  artifactKey: Guid(2e79eeb522fc848279912d6f30ff45eb) Importer(815301076,1909f56bfc062723c751e8b465ee728b)
Start importing Assets/Sunnyland/artwork/Environment/map/tileset_112.asset using Guid(2e79eeb522fc848279912d6f30ff45eb) Importer(815301076,1909f56bfc062723c751e8b465ee728b)  -> (artifact id: 'f6f2a70ac15e03ae517ec877d0c0a51d') in 0.013393 seconds 
  Import took 0.017198 seconds .

========================================================================
Received Import Request.
  Time since last request: 0.000297 seconds.
  path: Assets/Sunnyland/artwork/Environment/map/tileset_104.asset
  artifactKey: Guid(6b992654b565c48d0962b6d476572207) Importer(815301076,1909f56bfc062723c751e8b465ee728b)
Start importing Assets/Sunnyland/artwork/Environment/map/tileset_104.asset using Guid(6b992654b565c48d0962b6d476572207) Importer(815301076,1909f56bfc062723c751e8b465ee728b)  -> (artifact id: '3ab183d4e5772b22d2a36214de69c3a0') in 0.007920 seconds 
  Import took 0.011651 seconds .

========================================================================
Received Import Request.
  Time since last request: 0.000202 seconds.
  path: Assets/Sunnyland/artwork/Environment/map/tileset_68.asset
  artifactKey: Guid(63264f89d754d4416822518ddb2a3d6b) Importer(815301076,1909f56bfc062723c751e8b465ee728b)
Start importing Assets/Sunnyland/artwork/Environment/map/tileset_68.asset using Guid(63264f89d754d4416822518ddb2a3d6b) Importer(815301076,1909f56bfc062723c751e8b465ee728b)  -> (artifact id: '129d0dc68b103c4cf91344627b723c0c') in 0.008034 seconds 
  Import took 0.011419 seconds .

========================================================================
Received Import Request.
  Time since last request: 0.000251 seconds.
  path: Assets/Sunnyland/artwork/Environment/map/tileset_127.asset
  artifactKey: Guid(147c0ee458647405cb7ff6aef4357fe5) Importer(815301076,1909f56bfc062723c751e8b465ee728b)
Start importing Assets/Sunnyland/artwork/Environment/map/tileset_127.asset using Guid(147c0ee458647405cb7ff6aef4357fe5) Importer(815301076,1909f56bfc062723c751e8b465ee728b)  -> (artifact id: 'b7909e61a0d4cbd9a69d3740eaee1a7d') in 0.008186 seconds 
  Import took 0.011892 seconds .

========================================================================
Received Import Request.
  Time since last request: 0.000191 seconds.
  path: Assets/Sunnyland/artwork/Environment/map/tileset_103.asset
  artifactKey: Guid(793a92150b26f4627b5f16d3ddffa998) Importer(815301076,1909f56bfc062723c751e8b465ee728b)
Start importing Assets/Sunnyland/artwork/Environment/map/tileset_103.asset using Guid(793a92150b26f4627b5f16d3ddffa998) Importer(815301076,1909f56bfc062723c751e8b465ee728b)  -> (artifact id: '94124d9de39bb7614fa6841df7aa56dc') in 0.008113 seconds 
  Import took 0.011887 seconds .

========================================================================
Received Import Request.
  Time since last request: 0.000361 seconds.
  path: Assets/Sunnyland/artwork/Environment/map/tileset_61.asset
  artifactKey: Guid(eb45560a57a6047218f3ec3603a4b6e5) Importer(815301076,1909f56bfc062723c751e8b465ee728b)
Start importing Assets/Sunnyland/artwork/Environment/map/tileset_61.asset using Guid(eb45560a57a6047218f3ec3603a4b6e5) Importer(815301076,1909f56bfc062723c751e8b465ee728b)  -> (artifact id: '026abd03b59b49297de43586e0f55f1a') in 0.008078 seconds 
  Import took 0.011787 seconds .

========================================================================
Received Import Request.
  Time since last request: 0.000209 seconds.
  path: Assets/Sunnyland/artwork/Environment/map/tileset_62.asset
  artifactKey: Guid(5ff6b5e0f017c4eea8b1eb68d06d9d10) Importer(815301076,1909f56bfc062723c751e8b465ee728b)
Start importing Assets/Sunnyland/artwork/Environment/map/tileset_62.asset using Guid(5ff6b5e0f017c4eea8b1eb68d06d9d10) Importer(815301076,1909f56bfc062723c751e8b465ee728b)  -> (artifact id: 'aa852edbbd8b1a39cb7dec1bf5da27ce') in 0.008869 seconds 
  Import took 0.012098 seconds .

========================================================================
Received Import Request.
  Time since last request: 0.000216 seconds.
  path: Assets/Sunnyland/artwork/Environment/map/tileset_93.asset
  artifactKey: Guid(29fec056f557f424fad20c1b1abfb917) Importer(815301076,1909f56bfc062723c751e8b465ee728b)
Start importing Assets/Sunnyland/artwork/Environment/map/tileset_93.asset using Guid(29fec056f557f424fad20c1b1abfb917) Importer(815301076,1909f56bfc062723c751e8b465ee728b)  -> (artifact id: 'fc7e297b74aab19c352d407aca27ef7f') in 0.011130 seconds 
  Import took 0.014407 seconds .

========================================================================
Received Import Request.
  Time since last request: 0.000207 seconds.
  path: Assets/Sunnyland/artwork/Environment/map/tileset_80.asset
  artifactKey: Guid(89d6421fc209f4001b9dffff51caf3bf) Importer(815301076,1909f56bfc062723c751e8b465ee728b)
Start importing Assets/Sunnyland/artwork/Environment/map/tileset_80.asset using Guid(89d6421fc209f4001b9dffff51caf3bf) Importer(815301076,1909f56bfc062723c751e8b465ee728b)  -> (artifact id: 'c836b7563ac632d264228724b6294213') in 0.007651 seconds 
  Import took 0.011086 seconds .

========================================================================
Received Import Request.
  Time since last request: 0.000217 seconds.
  path: Assets/Sunnyland/artwork/Environment/map/tileset_88.asset
  artifactKey: Guid(4e6b45100350b4a2b8e6c694fc965cc5) Importer(815301076,1909f56bfc062723c751e8b465ee728b)
Start importing Assets/Sunnyland/artwork/Environment/map/tileset_88.asset using Guid(4e6b45100350b4a2b8e6c694fc965cc5) Importer(815301076,1909f56bfc062723c751e8b465ee728b)  -> (artifact id: 'fe77b457d81cb9e8c8f60e580ffa3e74') in 0.007810 seconds 
  Import took 0.011165 seconds .

========================================================================
Received Import Request.
  Time since last request: 0.000196 seconds.
  path: Assets/Sunnyland/artwork/Environment/map/tileset_81.asset
  artifactKey: Guid(a9091c513f9e2437d8cd8740bc8977bc) Importer(815301076,1909f56bfc062723c751e8b465ee728b)
Start importing Assets/Sunnyland/artwork/Environment/map/tileset_81.asset using Guid(a9091c513f9e2437d8cd8740bc8977bc) Importer(815301076,1909f56bfc062723c751e8b465ee728b)  -> (artifact id: 'b8cfae5cb4ecdc75702f1c9d26fa3f60') in 0.007802 seconds 
  Import took 0.011252 seconds .

========================================================================
Received Import Request.
  Time since last request: 0.000198 seconds.
  path: Assets/Sunnyland/artwork/Environment/map/tileset_106.asset
  artifactKey: Guid(c7dab54ef39ea48a284b3ed90f92c129) Importer(815301076,1909f56bfc062723c751e8b465ee728b)
Start importing Assets/Sunnyland/artwork/Environment/map/tileset_106.asset using Guid(c7dab54ef39ea48a284b3ed90f92c129) Importer(815301076,1909f56bfc062723c751e8b465ee728b)  -> (artifact id: '2737d86486a93a87b9f653773cbdfa0f') in 0.008185 seconds 
  Import took 0.011866 seconds .

========================================================================
Received Import Request.
  Time since last request: 0.000233 seconds.
  path: Assets/Sunnyland/artwork/Environment/map/tileset_58.asset
  artifactKey: Guid(79fecbaf93e45438fa4e6dd680066e1f) Importer(815301076,1909f56bfc062723c751e8b465ee728b)
Start importing Assets/Sunnyland/artwork/Environment/map/tileset_58.asset using Guid(79fecbaf93e45438fa4e6dd680066e1f) Importer(815301076,1909f56bfc062723c751e8b465ee728b)  -> (artifact id: '289c6e2ffd720f59cf6633893766b2f2') in 0.008557 seconds 
  Import took 0.012399 seconds .

========================================================================
Received Import Request.
  Time since last request: 0.000197 seconds.
  path: Assets/Sunnyland/artwork/Environment/map/tileset_117.asset
  artifactKey: Guid(0d965b955ac774fb3bd1f11d5baff6d2) Importer(815301076,1909f56bfc062723c751e8b465ee728b)
Start importing Assets/Sunnyland/artwork/Environment/map/tileset_117.asset using Guid(0d965b955ac774fb3bd1f11d5baff6d2) Importer(815301076,1909f56bfc062723c751e8b465ee728b)  -> (artifact id: '2fcb8da2cbaa1fce332992e0f9af6308') in 0.008027 seconds 
  Import took 0.011935 seconds .

========================================================================
Received Import Request.
  Time since last request: 0.000186 seconds.
  path: Assets/Sunnyland/artwork/Environment/map/tileset_123.asset
  artifactKey: Guid(0b17cec3ce7044aae98105fff326d92c) Importer(815301076,1909f56bfc062723c751e8b465ee728b)
Start importing Assets/Sunnyland/artwork/Environment/map/tileset_123.asset using Guid(0b17cec3ce7044aae98105fff326d92c) Importer(815301076,1909f56bfc062723c751e8b465ee728b)  -> (artifact id: 'b4f2f2c2385e1f83afd4c2362c3ba94e') in 0.008020 seconds 
  Import took 0.011464 seconds .

========================================================================
Received Import Request.
  Time since last request: 0.000204 seconds.
  path: Assets/Sunnyland/artwork/Environment/map/tileset_83.asset
  artifactKey: Guid(76e80c177826f4f49abd9720a3a42cde) Importer(815301076,1909f56bfc062723c751e8b465ee728b)
Start importing Assets/Sunnyland/artwork/Environment/map/tileset_83.asset using Guid(76e80c177826f4f49abd9720a3a42cde) Importer(815301076,1909f56bfc062723c751e8b465ee728b)  -> (artifact id: '2a08a846b92224034ada9fd7fe68a152') in 0.008880 seconds 
  Import took 0.012233 seconds .

========================================================================
Received Import Request.
  Time since last request: 0.000244 seconds.
  path: Assets/Sunnyland/artwork/Environment/map/tileset_85.asset
  artifactKey: Guid(461b957e9cc0b43f1acbe0749b86a434) Importer(815301076,1909f56bfc062723c751e8b465ee728b)
Start importing Assets/Sunnyland/artwork/Environment/map/tileset_85.asset using Guid(461b957e9cc0b43f1acbe0749b86a434) Importer(815301076,1909f56bfc062723c751e8b465ee728b)  -> (artifact id: '03c36de29d768c0d0ae815dc3b61a0f0') in 0.008300 seconds 
  Import took 0.011764 seconds .

========================================================================
Received Import Request.
  Time since last request: 0.000198 seconds.
  path: Assets/Sunnyland/artwork/Environment/map/tileset_74.asset
  artifactKey: Guid(38c4534216fd246aba104a25cda8c4cc) Importer(815301076,1909f56bfc062723c751e8b465ee728b)
Start importing Assets/Sunnyland/artwork/Environment/map/tileset_74.asset using Guid(38c4534216fd246aba104a25cda8c4cc) Importer(815301076,1909f56bfc062723c751e8b465ee728b)  -> (artifact id: '01435972112a5887b70284172b59c331') in 0.008153 seconds 
  Import took 0.011387 seconds .

========================================================================
Received Import Request.
  Time since last request: 0.000188 seconds.
  path: Assets/Sunnyland/artwork/Environment/map/tileset_65.asset
  artifactKey: Guid(6f524b28743ea40ee8eb4601a8324567) Importer(815301076,1909f56bfc062723c751e8b465ee728b)
Start importing Assets/Sunnyland/artwork/Environment/map/tileset_65.asset using Guid(6f524b28743ea40ee8eb4601a8324567) Importer(815301076,1909f56bfc062723c751e8b465ee728b)  -> (artifact id: '478062ea8fcfb135cfe07b354d7ca86c') in 0.007984 seconds 
  Import took 0.011448 seconds .

========================================================================
Received Import Request.
  Time since last request: 0.000195 seconds.
  path: Assets/Sunnyland/artwork/Environment/map/tileset_121.asset
  artifactKey: Guid(ca8736a591e5042e7b76b75243e0391e) Importer(815301076,1909f56bfc062723c751e8b465ee728b)
Start importing Assets/Sunnyland/artwork/Environment/map/tileset_121.asset using Guid(ca8736a591e5042e7b76b75243e0391e) Importer(815301076,1909f56bfc062723c751e8b465ee728b)  -> (artifact id: 'b150279c2c9e5dd0e4c2fba95a546418') in 0.008815 seconds 
  Import took 0.012223 seconds .

========================================================================
Received Import Request.
  Time since last request: 0.000191 seconds.
  path: Assets/Sunnyland/artwork/Environment/map/tileset_78.asset
  artifactKey: Guid(39fddadd2ba1f413c9f4e0935a977117) Importer(815301076,1909f56bfc062723c751e8b465ee728b)
Start importing Assets/Sunnyland/artwork/Environment/map/tileset_78.asset using Guid(39fddadd2ba1f413c9f4e0935a977117) Importer(815301076,1909f56bfc062723c751e8b465ee728b)  -> (artifact id: '939d0043278c0827e83a35d58db2c63a') in 0.010235 seconds 
  Import took 0.013716 seconds .

========================================================================
Received Import Request.
  Time since last request: 0.000184 seconds.
  path: Assets/Sunnyland/artwork/Environment/map/tileset_114.asset
  artifactKey: Guid(2a105ffdeebc740688148ca01efc78cf) Importer(815301076,1909f56bfc062723c751e8b465ee728b)
Start importing Assets/Sunnyland/artwork/Environment/map/tileset_114.asset using Guid(2a105ffdeebc740688148ca01efc78cf) Importer(815301076,1909f56bfc062723c751e8b465ee728b)  -> (artifact id: '3d0ab2d3c84c57ae10c7affe47816de8') in 0.009231 seconds 
  Import took 0.013908 seconds .

========================================================================
Received Import Request.
  Time since last request: 0.000332 seconds.
  path: Assets/Sunnyland/artwork/Environment/map/tileset_115.asset
  artifactKey: Guid(fc32977d859574a3683e83f86161ca31) Importer(815301076,1909f56bfc062723c751e8b465ee728b)
Start importing Assets/Sunnyland/artwork/Environment/map/tileset_115.asset using Guid(fc32977d859574a3683e83f86161ca31) Importer(815301076,1909f56bfc062723c751e8b465ee728b)  -> (artifact id: '39c95dee78ea49a5d16a55c35c42570d') in 0.009506 seconds 
  Import took 0.013049 seconds .

========================================================================
Received Import Request.
  Time since last request: 0.000204 seconds.
  path: Assets/Sunnyland/artwork/Environment/map/tileset_91.asset
  artifactKey: Guid(d93c8335ed86b4b7c88395c3e2c8b71d) Importer(815301076,1909f56bfc062723c751e8b465ee728b)
Start importing Assets/Sunnyland/artwork/Environment/map/tileset_91.asset using Guid(d93c8335ed86b4b7c88395c3e2c8b71d) Importer(815301076,1909f56bfc062723c751e8b465ee728b)  -> (artifact id: 'f890dac3ca0cf7c6baa9625de7363974') in 0.014747 seconds 
  Import took 0.018047 seconds .

========================================================================
Received Import Request.
  Time since last request: 0.000234 seconds.
  path: Assets/Sunnyland/artwork/Environment/map/tileset_124.asset
  artifactKey: Guid(1bcbe623cb8f14797b714086f1eb36e0) Importer(815301076,1909f56bfc062723c751e8b465ee728b)
Start importing Assets/Sunnyland/artwork/Environment/map/tileset_124.asset using Guid(1bcbe623cb8f14797b714086f1eb36e0) Importer(815301076,1909f56bfc062723c751e8b465ee728b)  -> (artifact id: '3f047b09c4d8dbc0b7cf486adc37cc3c') in 0.008277 seconds 
  Import took 0.011723 seconds .

========================================================================
Received Import Request.
  Time since last request: 0.000216 seconds.
  path: Assets/Sunnyland/artwork/Environment/map/tileset_98.asset
  artifactKey: Guid(77a599dfced0e4bb7a4b68259f7ac966) Importer(815301076,1909f56bfc062723c751e8b465ee728b)
Start importing Assets/Sunnyland/artwork/Environment/map/tileset_98.asset using Guid(77a599dfced0e4bb7a4b68259f7ac966) Importer(815301076,1909f56bfc062723c751e8b465ee728b)  -> (artifact id: '7523abf854b9a674f6138922b560ce47') in 0.007771 seconds 
  Import took 0.011032 seconds .

========================================================================
Received Import Request.
  Time since last request: 0.000213 seconds.
  path: Assets/Sunnyland/artwork/Environment/map/tileset_72.asset
  artifactKey: Guid(682ceae8e562140d2a032f7a6bff9450) Importer(815301076,1909f56bfc062723c751e8b465ee728b)
Start importing Assets/Sunnyland/artwork/Environment/map/tileset_72.asset using Guid(682ceae8e562140d2a032f7a6bff9450) Importer(815301076,1909f56bfc062723c751e8b465ee728b)  -> (artifact id: 'ed1cb55a19d63da29bfbd70461453782') in 0.007919 seconds 
  Import took 0.011342 seconds .

========================================================================
Received Import Request.
  Time since last request: 0.000201 seconds.
  path: Assets/Sunnyland/artwork/Environment/map/tileset_109.asset
  artifactKey: Guid(ac1449bd0b7304cb6bbca93b973028c1) Importer(815301076,1909f56bfc062723c751e8b465ee728b)
Start importing Assets/Sunnyland/artwork/Environment/map/tileset_109.asset using Guid(ac1449bd0b7304cb6bbca93b973028c1) Importer(815301076,1909f56bfc062723c751e8b465ee728b)  -> (artifact id: '58d1f14c0b784c5c429d70f9bd1e970e') in 0.008612 seconds 
  Import took 0.012419 seconds .

========================================================================
Received Import Request.
  Time since last request: 0.000256 seconds.
  path: Assets/Sunnyland/artwork/Environment/map/tileset_99.asset
  artifactKey: Guid(bb31f692d0a2b46d081143a4a4b073e2) Importer(815301076,1909f56bfc062723c751e8b465ee728b)
Start importing Assets/Sunnyland/artwork/Environment/map/tileset_99.asset using Guid(bb31f692d0a2b46d081143a4a4b073e2) Importer(815301076,1909f56bfc062723c751e8b465ee728b)  -> (artifact id: '5c86fb4ed495f432bdeafc3b24091b68') in 0.008420 seconds 
  Import took 0.012603 seconds .

========================================================================
Received Import Request.
  Time since last request: 0.000199 seconds.
  path: Assets/Sunnyland/artwork/Environment/map/tileset_100.asset
  artifactKey: Guid(c88f190c7972e44809abcfa612b9d820) Importer(815301076,1909f56bfc062723c751e8b465ee728b)
Start importing Assets/Sunnyland/artwork/Environment/map/tileset_100.asset using Guid(c88f190c7972e44809abcfa612b9d820) Importer(815301076,1909f56bfc062723c751e8b465ee728b)  -> (artifact id: '6a2014ad20b9b066dd7260d416f82120') in 0.008044 seconds 
  Import took 0.011564 seconds .

========================================================================
Received Import Request.
  Time since last request: 0.000209 seconds.
  path: Assets/Sunnyland/artwork/Environment/map/tileset_113.asset
  artifactKey: Guid(467b97bd95fa641259630bb664edea63) Importer(815301076,1909f56bfc062723c751e8b465ee728b)
Start importing Assets/Sunnyland/artwork/Environment/map/tileset_113.asset using Guid(467b97bd95fa641259630bb664edea63) Importer(815301076,1909f56bfc062723c751e8b465ee728b)  -> (artifact id: '84b3fa104da7ab870933efb8a1dd4a0a') in 0.013267 seconds 
  Import took 0.016950 seconds .

========================================================================
Received Import Request.
  Time since last request: 0.000199 seconds.
  path: Assets/Sunnyland/artwork/Environment/map/tileset_59.asset
  artifactKey: Guid(4ae441ef8fb9c42b9b7e1de4fca0f05e) Importer(815301076,1909f56bfc062723c751e8b465ee728b)
Start importing Assets/Sunnyland/artwork/Environment/map/tileset_59.asset using Guid(4ae441ef8fb9c42b9b7e1de4fca0f05e) Importer(815301076,1909f56bfc062723c751e8b465ee728b)  -> (artifact id: '5aff2b5357053321a42d102c1d4e3a98') in 0.008809 seconds 
  Import took 0.012288 seconds .

========================================================================
Received Import Request.
  Time since last request: 0.000195 seconds.
  path: Assets/Sunnyland/artwork/Environment/map/tileset_82.asset
  artifactKey: Guid(caf108d5fbbfb4e37bd1a85b440a917b) Importer(815301076,1909f56bfc062723c751e8b465ee728b)
Start importing Assets/Sunnyland/artwork/Environment/map/tileset_82.asset using Guid(caf108d5fbbfb4e37bd1a85b440a917b) Importer(815301076,1909f56bfc062723c751e8b465ee728b)  -> (artifact id: '13c88cf15c214d0366297055b3bc4f16') in 0.008923 seconds 
  Import took 0.012321 seconds .

========================================================================
Received Import Request.
  Time since last request: 0.000184 seconds.
  path: Assets/Sunnyland/artwork/Environment/map/tileset_57.asset
  artifactKey: Guid(06c92c83791fd49cea8e178737857a6a) Importer(815301076,1909f56bfc062723c751e8b465ee728b)
Start importing Assets/Sunnyland/artwork/Environment/map/tileset_57.asset using Guid(06c92c83791fd49cea8e178737857a6a) Importer(815301076,1909f56bfc062723c751e8b465ee728b)  -> (artifact id: '098418053d58a09b7b75bc2ac7906600') in 0.007798 seconds 
  Import took 0.011188 seconds .

========================================================================
Received Import Request.
  Time since last request: 0.000196 seconds.
  path: Assets/Sunnyland/artwork/Environment/map/tileset_97.asset
  artifactKey: Guid(a28cac6020f3a42f7bfa08fc40f858c6) Importer(815301076,1909f56bfc062723c751e8b465ee728b)
Start importing Assets/Sunnyland/artwork/Environment/map/tileset_97.asset using Guid(a28cac6020f3a42f7bfa08fc40f858c6) Importer(815301076,1909f56bfc062723c751e8b465ee728b)  -> (artifact id: '3122723d088ea12f2c83db60650f91d9') in 0.007717 seconds 
  Import took 0.011145 seconds .

========================================================================
Received Import Request.
  Time since last request: 0.000209 seconds.
  path: Assets/Sunnyland/artwork/Environment/map/tileset_95.asset
  artifactKey: Guid(4240a9caa149c491d9c045266437fd6a) Importer(815301076,1909f56bfc062723c751e8b465ee728b)
Start importing Assets/Sunnyland/artwork/Environment/map/tileset_95.asset using Guid(4240a9caa149c491d9c045266437fd6a) Importer(815301076,1909f56bfc062723c751e8b465ee728b)  -> (artifact id: '8264b12a7d9806b032c7be7582fba963') in 0.009330 seconds 
  Import took 0.012692 seconds .

========================================================================
Received Import Request.
  Time since last request: 0.000194 seconds.
  path: Assets/Sunnyland/artwork/Environment/map/tileset_86.asset
  artifactKey: Guid(620d36d992216419189e926dfd5b18f5) Importer(815301076,1909f56bfc062723c751e8b465ee728b)
Start importing Assets/Sunnyland/artwork/Environment/map/tileset_86.asset using Guid(620d36d992216419189e926dfd5b18f5) Importer(815301076,1909f56bfc062723c751e8b465ee728b)  -> (artifact id: '381c1890ac11cdb4c46bec77ba1a4e93') in 0.008478 seconds 
  Import took 0.012319 seconds .

========================================================================
Received Import Request.
  Time since last request: 0.000212 seconds.
  path: Assets/Sunnyland/artwork/Environment/map/tileset_87.asset
  artifactKey: Guid(41cb71dca672247a6b2bf537fa5e8c05) Importer(815301076,1909f56bfc062723c751e8b465ee728b)
Start importing Assets/Sunnyland/artwork/Environment/map/tileset_87.asset using Guid(41cb71dca672247a6b2bf537fa5e8c05) Importer(815301076,1909f56bfc062723c751e8b465ee728b)  -> (artifact id: '8a58f17c0cb1f6739faac4faecc6f0ff') in 0.016379 seconds 
  Import took 0.020118 seconds .

========================================================================
Received Import Request.
  Time since last request: 0.000212 seconds.
  path: Assets/Sunnyland/artwork/Environment/map/tileset_89.asset
  artifactKey: Guid(d1738c650737e43569ae086e480fcd62) Importer(815301076,1909f56bfc062723c751e8b465ee728b)
Start importing Assets/Sunnyland/artwork/Environment/map/tileset_89.asset using Guid(d1738c650737e43569ae086e480fcd62) Importer(815301076,1909f56bfc062723c751e8b465ee728b)  -> (artifact id: 'dd618b57056d257255f230a02abb52b0') in 0.007668 seconds 
  Import took 0.011263 seconds .

========================================================================
Received Import Request.
  Time since last request: 0.000206 seconds.
  path: Assets/Sunnyland/artwork/Environment/map/tileset_126.asset
  artifactKey: Guid(0f50c40406e244215b0592cff198ac7a) Importer(815301076,1909f56bfc062723c751e8b465ee728b)
Start importing Assets/Sunnyland/artwork/Environment/map/tileset_126.asset using Guid(0f50c40406e244215b0592cff198ac7a) Importer(815301076,1909f56bfc062723c751e8b465ee728b)  -> (artifact id: '7d4be58212b886e7faaca2df2b77eb88') in 0.007654 seconds 
  Import took 0.011120 seconds .

========================================================================
Received Import Request.
  Time since last request: 0.000222 seconds.
  path: Assets/Sunnyland/artwork/Environment/map/tileset_94.asset
  artifactKey: Guid(e640293472528407281393496f20469b) Importer(815301076,1909f56bfc062723c751e8b465ee728b)
Start importing Assets/Sunnyland/artwork/Environment/map/tileset_94.asset using Guid(e640293472528407281393496f20469b) Importer(815301076,1909f56bfc062723c751e8b465ee728b)  -> (artifact id: 'b0c0e79358878644f7f75e84174ad4e2') in 0.007824 seconds 
  Import took 0.011259 seconds .

========================================================================
Received Import Request.
  Time since last request: 0.000185 seconds.
  path: Assets/Sunnyland/artwork/Environment/map/tileset_75.asset
  artifactKey: Guid(c524b94f2f59747d594b861b9e6160e6) Importer(815301076,1909f56bfc062723c751e8b465ee728b)
Start importing Assets/Sunnyland/artwork/Environment/map/tileset_75.asset using Guid(c524b94f2f59747d594b861b9e6160e6) Importer(815301076,1909f56bfc062723c751e8b465ee728b)  -> (artifact id: '0532d615eb71bcfc28753071a7ee1bcc') in 0.007711 seconds 
  Import took 0.010940 seconds .

========================================================================
Received Import Request.
  Time since last request: 0.000202 seconds.
  path: Assets/Sunnyland/artwork/Environment/map/tileset_79.asset
  artifactKey: Guid(db1a72fb7d0b5462cb9fea067e37e1ce) Importer(815301076,1909f56bfc062723c751e8b465ee728b)
Start importing Assets/Sunnyland/artwork/Environment/map/tileset_79.asset using Guid(db1a72fb7d0b5462cb9fea067e37e1ce) Importer(815301076,1909f56bfc062723c751e8b465ee728b)  -> (artifact id: '8abea1968b21a195e7abce8dfc77cca9') in 0.007826 seconds 
  Import took 0.011112 seconds .

========================================================================
Received Import Request.
  Time since last request: 0.000198 seconds.
  path: Assets/Sunnyland/artwork/Environment/map/tileset_108.asset
  artifactKey: Guid(c52c99ec6ea414a92bc447bc4d7f6aa7) Importer(815301076,1909f56bfc062723c751e8b465ee728b)
Start importing Assets/Sunnyland/artwork/Environment/map/tileset_108.asset using Guid(c52c99ec6ea414a92bc447bc4d7f6aa7) Importer(815301076,1909f56bfc062723c751e8b465ee728b)  -> (artifact id: '48b23e2b5e86f9d30333b23738907eff') in 0.008889 seconds 
  Import took 0.012509 seconds .

========================================================================
Received Import Request.
  Time since last request: 0.000209 seconds.
  path: Assets/Sunnyland/artwork/Environment/map/tileset_66.asset
  artifactKey: Guid(13c888d152cff46d7bf388e32fdf2749) Importer(815301076,1909f56bfc062723c751e8b465ee728b)
Start importing Assets/Sunnyland/artwork/Environment/map/tileset_66.asset using Guid(13c888d152cff46d7bf388e32fdf2749) Importer(815301076,1909f56bfc062723c751e8b465ee728b)  -> (artifact id: '41c7c51dfe5e2b0a95c411371e74d572') in 0.010533 seconds 
  Import took 0.013726 seconds .

========================================================================
Received Import Request.
  Time since last request: 0.000212 seconds.
  path: Assets/Sunnyland/artwork/Environment/map/tileset_67.asset
  artifactKey: Guid(d91ae091d8a204e87bf7b04386010a07) Importer(815301076,1909f56bfc062723c751e8b465ee728b)
Start importing Assets/Sunnyland/artwork/Environment/map/tileset_67.asset using Guid(d91ae091d8a204e87bf7b04386010a07) Importer(815301076,1909f56bfc062723c751e8b465ee728b)  -> (artifact id: 'f672717f9c439abe13b8b5441c88ac5e') in 0.008737 seconds 
  Import took 0.012050 seconds .

========================================================================
Received Import Request.
  Time since last request: 0.000228 seconds.
  path: Assets/Sunnyland/artwork/Environment/map/tileset_76.asset
  artifactKey: Guid(0060ca107352c40489b589f22eef3896) Importer(815301076,1909f56bfc062723c751e8b465ee728b)
Start importing Assets/Sunnyland/artwork/Environment/map/tileset_76.asset using Guid(0060ca107352c40489b589f22eef3896) Importer(815301076,1909f56bfc062723c751e8b465ee728b)  -> (artifact id: '58bec47c92e98e56ba0d96b5a04ce50e') in 0.008028 seconds 
  Import took 0.011421 seconds .

========================================================================
Received Import Request.
  Time since last request: 0.000324 seconds.
  path: Assets/Sunnyland/artwork/Environment/map/tileset_60.asset
  artifactKey: Guid(0e02c4f8c06de44b7a37cf168355d04d) Importer(815301076,1909f56bfc062723c751e8b465ee728b)
Start importing Assets/Sunnyland/artwork/Environment/map/tileset_60.asset using Guid(0e02c4f8c06de44b7a37cf168355d04d) Importer(815301076,1909f56bfc062723c751e8b465ee728b)  -> (artifact id: '0cb30050300df4ca499e437e461db4d5') in 0.008583 seconds 
  Import took 0.012006 seconds .

========================================================================
Received Import Request.
  Time since last request: 0.000194 seconds.
  path: Assets/Sunnyland/artwork/Environment/map/tileset_84.asset
  artifactKey: Guid(575b7938a23f54fb88514815f3a53cd4) Importer(815301076,1909f56bfc062723c751e8b465ee728b)
Start importing Assets/Sunnyland/artwork/Environment/map/tileset_84.asset using Guid(575b7938a23f54fb88514815f3a53cd4) Importer(815301076,1909f56bfc062723c751e8b465ee728b)  -> (artifact id: '70bc3c9121dff65941912bd6c211f01b') in 0.011844 seconds 
  Import took 0.015046 seconds .

========================================================================
Received Import Request.
  Time since last request: 0.000191 seconds.
  path: Assets/Sunnyland/artwork/Environment/map/tileset_119.asset
  artifactKey: Guid(bcb7263ded2674ce095eae29a5a72be6) Importer(815301076,1909f56bfc062723c751e8b465ee728b)
Start importing Assets/Sunnyland/artwork/Environment/map/tileset_119.asset using Guid(bcb7263ded2674ce095eae29a5a72be6) Importer(815301076,1909f56bfc062723c751e8b465ee728b)  -> (artifact id: '70d09ea594fc63887707ecc993a59bc3') in 0.007600 seconds 
  Import took 0.010797 seconds .

========================================================================
Received Import Request.
  Time since last request: 0.000224 seconds.
  path: Assets/Sunnyland/artwork/Environment/map/tileset_107.asset
  artifactKey: Guid(9e52b20d4c88741a9890db4c19fd8fc7) Importer(815301076,1909f56bfc062723c751e8b465ee728b)
Start importing Assets/Sunnyland/artwork/Environment/map/tileset_107.asset using Guid(9e52b20d4c88741a9890db4c19fd8fc7) Importer(815301076,1909f56bfc062723c751e8b465ee728b)  -> (artifact id: 'fea28cffec514961b702f33b8a19445a') in 0.007699 seconds 
  Import took 0.011345 seconds .

========================================================================
Received Import Request.
  Time since last request: 0.000194 seconds.
  path: Assets/Sunnyland/artwork/Environment/map/tileset_101.asset
  artifactKey: Guid(eebb54f5c0f2f44908355fde0d716cb1) Importer(815301076,1909f56bfc062723c751e8b465ee728b)
Start importing Assets/Sunnyland/artwork/Environment/map/tileset_101.asset using Guid(eebb54f5c0f2f44908355fde0d716cb1) Importer(815301076,1909f56bfc062723c751e8b465ee728b)  -> (artifact id: '11f28a2818a0099881e4b8c79bfd5940') in 0.008384 seconds 
  Import took 0.012259 seconds .

========================================================================
Received Import Request.
  Time since last request: 0.000200 seconds.
  path: Assets/Sunnyland/artwork/Environment/map/tileset_70.asset
  artifactKey: Guid(524a1a5937d3f4d69ab2e1890d3bec42) Importer(815301076,1909f56bfc062723c751e8b465ee728b)
Start importing Assets/Sunnyland/artwork/Environment/map/tileset_70.asset using Guid(524a1a5937d3f4d69ab2e1890d3bec42) Importer(815301076,1909f56bfc062723c751e8b465ee728b)  -> (artifact id: '1f065784b887a67bfa0a62c8666ca918') in 0.009785 seconds 
  Import took 0.013495 seconds .

========================================================================
Received Import Request.
  Time since last request: 0.000186 seconds.
  path: Assets/Sunnyland/artwork/Environment/map/tileset_96.asset
  artifactKey: Guid(aa6f520ff93ce4e298aeb490be19a105) Importer(815301076,1909f56bfc062723c751e8b465ee728b)
Start importing Assets/Sunnyland/artwork/Environment/map/tileset_96.asset using Guid(aa6f520ff93ce4e298aeb490be19a105) Importer(815301076,1909f56bfc062723c751e8b465ee728b)  -> (artifact id: '2c8ac3c04b52a428346a001f2d085f3a') in 0.012410 seconds 
  Import took 0.016257 seconds .

========================================================================
Received Import Request.
  Time since last request: 0.000190 seconds.
  path: Assets/Sunnyland/artwork/Environment/map/tileset_56.asset
  artifactKey: Guid(e43c6a25e2ae943a3a61913126b33030) Importer(815301076,1909f56bfc062723c751e8b465ee728b)
Start importing Assets/Sunnyland/artwork/Environment/map/tileset_56.asset using Guid(e43c6a25e2ae943a3a61913126b33030) Importer(815301076,1909f56bfc062723c751e8b465ee728b)  -> (artifact id: '5e75b36b339daa719fc66cf93eba6815') in 0.008778 seconds 
  Import took 0.012390 seconds .

